#
# A fatal error has been detected by the Java Runtime Environment:
#
#  EXCEPTION_ACCESS_VIOLATION (0xc0000005) at pc=0x000002888249f340, pid=2244, tid=13216
#
# JRE version: OpenJDK Runtime Environment (15.0+36) (build 15+36-1562)
# Java VM: OpenJDK 64-Bit Server VM (15+36-1562, mixed mode, sharing, tiered, compressed oops, g1 gc, windows-amd64)
# Problematic frame:
# C  0x000002888249f340
#
# No core dump will be written. Minidumps are not enabled by default on client versions of Windows
#
# If you would like to submit a bug report, please visit:
#   https://bugreport.java.com/bugreport/crash.jsp
# The crash happened outside the Java Virtual Machine in native code.
# See problematic frame for where to report the bug.
#

---------------  S U M M A R Y ------------

Command Line: -Dfile.encoding=windows-1250 -Duser.country=CZ -Duser.language=cs -Duser.variant educanet.Main

Host: AMD Ryzen 5 3600 6-Core Processor              , 12 cores, 15G,  Windows 10 , 64 bit Build 19041 (10.0.19041.928)
Time: Sun May  2 20:07:54 2021 Støední Evropa (letní èas) elapsed time: 4.370765 seconds (0d 0h 0m 4s)

---------------  T H R E A D  ---------------

Current thread (0x00000288d72a2a90):  JavaThread "main" [_thread_in_native, id=13216, stack(0x000000c092800000,0x000000c092900000)]

Stack: [0x000000c092800000,0x000000c092900000],  sp=0x000000c0928fef18,  free space=1019k
Native frames: (J=compiled Java code, j=interpreted, Vv=VM code, C=native code)
C  0x000002888249f340

Java frames: (J=compiled Java code, j=interpreted, Vv=VM code)
J 749  org.lwjgl.system.JNI.invokeV(J)V (0 bytes) @ 0x00000288e6fd4bf1 [0x00000288e6fd4ba0+0x0000000000000051]
j  org.lwjgl.glfw.GLFW.glfwTerminate()V+5
j  educanet.Main.main([Ljava/lang/String;)V+142
v  ~StubRoutines::call_stub

siginfo: EXCEPTION_ACCESS_VIOLATION (0xc0000005), data execution prevention violation at address 0x000002888249f340


Register to memory mapping:

RIP=0x000002888249f340 points into unknown readable memory: 0x00007ff88b001118 | 18 11 00 8b f8 7f 00 00
RAX=0x000002888249f7c0 points into unknown readable memory: 0x00007ff88b001118 | 18 11 00 8b f8 7f 00 00
RBX=0x000002888249c1a0 points into unknown readable memory: 0x0000028882a18da0 | a0 8d a1 82 88 02 00 00
RCX=0x0000028882b316a0 points into unknown readable memory: 0x0000028882a18aa0 | a0 8a a1 82 88 02 00 00
RDX=0x00000288825380f0 points into unknown readable memory: 0x00007ff88ba6ff60 | 60 ff a6 8b f8 7f 00 00
RSP=0x000000c0928fef18 is pointing into the stack for thread: 0x00000288d72a2a90
RBP=0x0000000000000001 is an unknown value
RSI=0x00000288822e4240 points into unknown readable memory: 0x00000288822bf190 | 90 f1 2b 82 88 02 00 00
RDI=0x00000288825380f0 points into unknown readable memory: 0x00007ff88ba6ff60 | 60 ff a6 8b f8 7f 00 00
R8 =0x0000000000000019 is an unknown value
R9 =0x0 is NULL
R10=0x0000000000008000 is an unknown value
R11=0x000000c0928fee90 is pointing into the stack for thread: 0x00000288d72a2a90
R12=0x00000288fb6bbc80 points into unknown readable memory: 0x00007ff88ba5ce58 | 58 ce a5 8b f8 7f 00 00
R13=0x000002888227f700 points into unknown readable memory: 0x000002888236a000 | 00 a0 36 82 88 02 00 00
R14=0x000002888227f700 points into unknown readable memory: 0x000002888236a000 | 00 a0 36 82 88 02 00 00
R15=0x0 is NULL


Registers:
RAX=0x000002888249f7c0, RBX=0x000002888249c1a0, RCX=0x0000028882b316a0, RDX=0x00000288825380f0
RSP=0x000000c0928fef18, RBP=0x0000000000000001, RSI=0x00000288822e4240, RDI=0x00000288825380f0
R8 =0x0000000000000019, R9 =0x0000000000000000, R10=0x0000000000008000, R11=0x000000c0928fee90
R12=0x00000288fb6bbc80, R13=0x000002888227f700, R14=0x000002888227f700, R15=0x0000000000000000
RIP=0x000002888249f340, EFLAGS=0x0000000000010246

Top of Stack: (sp=0x000000c0928fef18)
0x000000c0928fef18:   00007ff88a6cfd9e 000002888249c1a0
0x000000c0928fef28:   00007ff88a6d11a7 00000288d5070000
0x000000c0928fef38:   0000028800000000 000002880000fffc
0x000000c0928fef48:   0000000000000000 00000288fb6bbc80
0x000000c0928fef58:   00007ff88a6c087f 000002888249c1a0
0x000000c0928fef68:   00007ff88bd3aed8 0000000000000000
0x000000c0928fef78:   00000288825380f0 00000288822e4240
0x000000c0928fef88:   00007ff88a69f766 00000288823f2350
0x000000c0928fef98:   00000288fb6bbc80 0000000000000000
0x000000c0928fefa8:   00000288822e4240 000002888227f700
0x000000c0928fefb8:   00000288822e4240 00000288823f2350
0x000000c0928fefc8:   00007ff88a69db31 0000000000000000
0x000000c0928fefd8:   0000000000000000 00000288822e54c8
0x000000c0928fefe8:   00000288fbcd5130 0000000000000000
0x000000c0928feff8:   00007ff88a922525 00000288823f2350
0x000000c0928ff008:   00007ff88bd3aed8 0000000000000000 

Instructions: (pc=0x000002888249f340)
0x000002888249f240:   00 00 00 00 00 00 00 00 00 00 00 00 00 00 00 00
0x000002888249f250:   00 00 00 00 00 00 00 00 00 00 00 00 00 00 00 00
0x000002888249f260:   00 00 00 00 00 00 00 00 00 00 00 00 00 00 00 00
0x000002888249f270:   00 00 00 00 00 00 00 00 00 00 00 00 00 00 00 00
0x000002888249f280:   00 00 00 00 00 00 00 00 00 00 00 00 00 00 00 00
0x000002888249f290:   00 00 00 00 00 00 00 00 00 00 00 00 00 00 00 00
0x000002888249f2a0:   00 00 00 00 00 00 00 00 00 00 00 00 00 00 00 00
0x000002888249f2b0:   00 00 00 00 00 00 00 00 00 00 00 00 00 00 00 00
0x000002888249f2c0:   00 00 00 00 00 00 00 00 00 00 00 00 00 00 00 00
0x000002888249f2d0:   00 00 00 00 00 00 00 00 00 00 00 00 00 00 00 00
0x000002888249f2e0:   00 00 00 00 00 00 00 00 00 00 00 00 00 00 00 00
0x000002888249f2f0:   00 00 00 00 00 00 00 00 00 00 00 00 00 00 00 00
0x000002888249f300:   00 00 00 00 00 00 00 00 00 00 00 00 00 00 00 00
0x000002888249f310:   00 00 00 00 00 00 00 00 00 00 00 00 00 00 00 00
0x000002888249f320:   00 00 00 00 00 00 00 00 00 00 00 00 00 00 00 00
0x000002888249f330:   00 00 00 00 00 00 00 00 78 78 d9 e7 00 08 00 80
0x000002888249f340:   18 11 00 8b f8 7f 00 00 00 00 00 00 00 00 00 00
0x000002888249f350:   00 00 00 00 00 00 00 00 00 00 00 00 0a 00 00 80
0x000002888249f360:   00 00 00 00 00 00 00 00 00 00 00 00 00 00 00 00
0x000002888249f370:   00 00 00 00 00 00 00 00 00 00 00 00 01 00 00 00
0x000002888249f380:   00 00 00 00 00 00 00 00 03 00 00 00 00 00 00 00
0x000002888249f390:   40 f3 49 82 88 02 00 00 00 00 00 00 00 00 00 00
0x000002888249f3a0:   00 00 00 00 00 00 00 00 00 00 00 00 00 00 00 00
0x000002888249f3b0:   00 00 00 00 00 00 00 00 00 00 00 00 00 00 00 00
0x000002888249f3c0:   00 00 00 00 00 00 00 00 00 00 00 00 00 00 00 00
0x000002888249f3d0:   00 00 00 00 00 00 00 00 02 00 00 00 00 00 00 00
0x000002888249f3e0:   00 00 00 00 00 00 00 00 00 00 00 00 00 00 00 00
0x000002888249f3f0:   00 00 00 00 00 00 00 00 00 00 00 00 00 00 00 00
0x000002888249f400:   00 00 00 00 00 00 00 00 10 10 10 10 00 00 00 00
0x000002888249f410:   00 00 00 00 00 00 00 80 ff ff ff 7f 00 00 00 00
0x000002888249f420:   00 00 00 00 00 00 00 00 00 00 00 00 00 00 00 00
0x000002888249f430:   60 51 a1 82 88 02 00 00 00 00 00 00 00 00 00 00 


Stack slot to memory mapping:
stack at sp + 0 slots: 0x00007ff88a6cfd9e atio6axx.dll
stack at sp + 1 slots: 0x000002888249c1a0 points into unknown readable memory: 0x0000028882a18da0 | a0 8d a1 82 88 02 00 00
stack at sp + 2 slots: 0x00007ff88a6d11a7 atio6axx.dll
stack at sp + 3 slots: 0x00000288d5070000 points into unknown readable memory: 0x0000000000000000 | 00 00 00 00 00 00 00 00
stack at sp + 4 slots: 0x0000028800000000 is an unknown value
stack at sp + 5 slots: 0x000002880000fffc is an unknown value
stack at sp + 6 slots: 0x0 is NULL
stack at sp + 7 slots: 0x00000288fb6bbc80 points into unknown readable memory: 0x00007ff88ba5ce58 | 58 ce a5 8b f8 7f 00 00


---------------  P R O C E S S  ---------------

Threads class SMR info:
_java_thread_list=0x00000288fbc61690, length=11, elements={
0x00000288d72a2a90, 0x00000288fae8cb10, 0x00000288fae8d5f0, 0x00000288fb6a5dd0,
0x00000288fb6a87a0, 0x00000288fb6a9160, 0x00000288fb6abe70, 0x00000288fb6b1d30,
0x00000288fb6ba640, 0x00000288fb7ddbd0, 0x00000288fb818170
}

Java Threads: ( => current thread )
=>0x00000288d72a2a90 JavaThread "main" [_thread_in_native, id=13216, stack(0x000000c092800000,0x000000c092900000)]
  0x00000288fae8cb10 JavaThread "Reference Handler" daemon [_thread_blocked, id=9972, stack(0x000000c092f00000,0x000000c093000000)]
  0x00000288fae8d5f0 JavaThread "Finalizer" daemon [_thread_blocked, id=17604, stack(0x000000c093000000,0x000000c093100000)]
  0x00000288fb6a5dd0 JavaThread "Signal Dispatcher" daemon [_thread_blocked, id=14284, stack(0x000000c093100000,0x000000c093200000)]
  0x00000288fb6a87a0 JavaThread "Attach Listener" daemon [_thread_blocked, id=10156, stack(0x000000c093200000,0x000000c093300000)]
  0x00000288fb6a9160 JavaThread "Service Thread" daemon [_thread_blocked, id=17964, stack(0x000000c093300000,0x000000c093400000)]
  0x00000288fb6abe70 JavaThread "C2 CompilerThread0" daemon [_thread_blocked, id=17448, stack(0x000000c093400000,0x000000c093500000)]
  0x00000288fb6b1d30 JavaThread "C1 CompilerThread0" daemon [_thread_blocked, id=16480, stack(0x000000c093500000,0x000000c093600000)]
  0x00000288fb6ba640 JavaThread "Sweeper thread" daemon [_thread_blocked, id=16180, stack(0x000000c093600000,0x000000c093700000)]
  0x00000288fb7ddbd0 JavaThread "Notification Thread" daemon [_thread_blocked, id=4544, stack(0x000000c093700000,0x000000c093800000)]
  0x00000288fb818170 JavaThread "Common-Cleaner" daemon [_thread_blocked, id=18160, stack(0x000000c093900000,0x000000c093a00000)]

Other Threads:
  0x00000288fae84340 VMThread "VM Thread" [stack: 0x000000c092e00000,0x000000c092f00000] [id=3440]
  0x00000288fb7fe8d0 WatcherThread [stack: 0x000000c093800000,0x000000c093900000] [id=1312]
  0x00000288d72f4840 GCTaskThread "GC Thread#0" [stack: 0x000000c092900000,0x000000c092a00000] [id=6488]
  0x00000288d7307900 ConcurrentGCThread "G1 Main Marker" [stack: 0x000000c092a00000,0x000000c092b00000] [id=15732]
  0x00000288d7309bb0 ConcurrentGCThread "G1 Conc#0" [stack: 0x000000c092b00000,0x000000c092c00000] [id=4124]
  0x00000288d737d860 ConcurrentGCThread "G1 Refine#0" [stack: 0x000000c092c00000,0x000000c092d00000] [id=6664]
  0x00000288d737e210 ConcurrentGCThread "G1 Young RemSet Sampling" [stack: 0x000000c092d00000,0x000000c092e00000] [id=9352]

Threads with active compile tasks:

VM state: not at safepoint (normal execution)

VM Mutex/Monitor currently owned by a thread: None

Heap address: 0x0000000700c00000, size: 4084 MB, Compressed Oops mode: Zero based, Oop shift amount: 3
CDS archive(s) mapped at: [0x0000000800000000-0x0000000800b50000-0x0000000800b50000), size 11862016, SharedBaseAddress: 0x0000000800000000, ArchiveRelocationMode: 0.
Compressed class space mapped at: 0x0000000800b50000-0x0000000840b50000, size: 1073741824
Narrow klass base: 0x0000000800000000, Narrow klass shift: 3, Narrow klass range: 0x100000000

GC Precious Log:
 CPUs: 12 total, 12 available
 Memory: 16333M
 Large Page Support: Disabled
 NUMA Support: Disabled
 Compressed Oops: Enabled (Zero based)
 Heap Region Size: 2M
 Heap Min Capacity: 8M
 Heap Initial Capacity: 256M
 Heap Max Capacity: 4084M
 Pre-touch: Disabled
 Parallel Workers: 10
 Concurrent Workers: 3
 Concurrent Refinement Workers: 10
 Periodic GC: Disabled

Heap:
 garbage-first heap   total 262144K, used 12288K [0x0000000700c00000, 0x0000000800000000)
  region size 2048K, 8 young (16384K), 0 survivors (0K)
 Metaspace       used 7036K, capacity 9988K, committed 10112K, reserved 1058816K
  class space    used 328K, capacity 605K, committed 640K, reserved 1048576K

Heap Regions: E=young(eden), S=young(survivor), O=old, HS=humongous(starts), HC=humongous(continues), CS=collection set, F=free, OA=open archive, CA=closed archive, TAMS=top-at-mark-start (previous, next)
|   0|0x0000000700c00000, 0x0000000700c00000, 0x0000000700e00000|  0%| F|  |TAMS 0x0000000700c00000, 0x0000000700c00000| Untracked 
|   1|0x0000000700e00000, 0x0000000700e00000, 0x0000000701000000|  0%| F|  |TAMS 0x0000000700e00000, 0x0000000700e00000| Untracked 
|   2|0x0000000701000000, 0x0000000701000000, 0x0000000701200000|  0%| F|  |TAMS 0x0000000701000000, 0x0000000701000000| Untracked 
|   3|0x0000000701200000, 0x0000000701200000, 0x0000000701400000|  0%| F|  |TAMS 0x0000000701200000, 0x0000000701200000| Untracked 
|   4|0x0000000701400000, 0x0000000701400000, 0x0000000701600000|  0%| F|  |TAMS 0x0000000701400000, 0x0000000701400000| Untracked 
|   5|0x0000000701600000, 0x0000000701600000, 0x0000000701800000|  0%| F|  |TAMS 0x0000000701600000, 0x0000000701600000| Untracked 
|   6|0x0000000701800000, 0x0000000701800000, 0x0000000701a00000|  0%| F|  |TAMS 0x0000000701800000, 0x0000000701800000| Untracked 
|   7|0x0000000701a00000, 0x0000000701a00000, 0x0000000701c00000|  0%| F|  |TAMS 0x0000000701a00000, 0x0000000701a00000| Untracked 
|   8|0x0000000701c00000, 0x0000000701c00000, 0x0000000701e00000|  0%| F|  |TAMS 0x0000000701c00000, 0x0000000701c00000| Untracked 
|   9|0x0000000701e00000, 0x0000000701e00000, 0x0000000702000000|  0%| F|  |TAMS 0x0000000701e00000, 0x0000000701e00000| Untracked 
|  10|0x0000000702000000, 0x0000000702000000, 0x0000000702200000|  0%| F|  |TAMS 0x0000000702000000, 0x0000000702000000| Untracked 
|  11|0x0000000702200000, 0x0000000702200000, 0x0000000702400000|  0%| F|  |TAMS 0x0000000702200000, 0x0000000702200000| Untracked 
|  12|0x0000000702400000, 0x0000000702400000, 0x0000000702600000|  0%| F|  |TAMS 0x0000000702400000, 0x0000000702400000| Untracked 
|  13|0x0000000702600000, 0x0000000702600000, 0x0000000702800000|  0%| F|  |TAMS 0x0000000702600000, 0x0000000702600000| Untracked 
|  14|0x0000000702800000, 0x0000000702800000, 0x0000000702a00000|  0%| F|  |TAMS 0x0000000702800000, 0x0000000702800000| Untracked 
|  15|0x0000000702a00000, 0x0000000702a00000, 0x0000000702c00000|  0%| F|  |TAMS 0x0000000702a00000, 0x0000000702a00000| Untracked 
|  16|0x0000000702c00000, 0x0000000702c00000, 0x0000000702e00000|  0%| F|  |TAMS 0x0000000702c00000, 0x0000000702c00000| Untracked 
|  17|0x0000000702e00000, 0x0000000702e00000, 0x0000000703000000|  0%| F|  |TAMS 0x0000000702e00000, 0x0000000702e00000| Untracked 
|  18|0x0000000703000000, 0x0000000703000000, 0x0000000703200000|  0%| F|  |TAMS 0x0000000703000000, 0x0000000703000000| Untracked 
|  19|0x0000000703200000, 0x0000000703200000, 0x0000000703400000|  0%| F|  |TAMS 0x0000000703200000, 0x0000000703200000| Untracked 
|  20|0x0000000703400000, 0x0000000703400000, 0x0000000703600000|  0%| F|  |TAMS 0x0000000703400000, 0x0000000703400000| Untracked 
|  21|0x0000000703600000, 0x0000000703600000, 0x0000000703800000|  0%| F|  |TAMS 0x0000000703600000, 0x0000000703600000| Untracked 
|  22|0x0000000703800000, 0x0000000703800000, 0x0000000703a00000|  0%| F|  |TAMS 0x0000000703800000, 0x0000000703800000| Untracked 
|  23|0x0000000703a00000, 0x0000000703a00000, 0x0000000703c00000|  0%| F|  |TAMS 0x0000000703a00000, 0x0000000703a00000| Untracked 
|  24|0x0000000703c00000, 0x0000000703c00000, 0x0000000703e00000|  0%| F|  |TAMS 0x0000000703c00000, 0x0000000703c00000| Untracked 
|  25|0x0000000703e00000, 0x0000000703e00000, 0x0000000704000000|  0%| F|  |TAMS 0x0000000703e00000, 0x0000000703e00000| Untracked 
|  26|0x0000000704000000, 0x0000000704000000, 0x0000000704200000|  0%| F|  |TAMS 0x0000000704000000, 0x0000000704000000| Untracked 
|  27|0x0000000704200000, 0x0000000704200000, 0x0000000704400000|  0%| F|  |TAMS 0x0000000704200000, 0x0000000704200000| Untracked 
|  28|0x0000000704400000, 0x0000000704400000, 0x0000000704600000|  0%| F|  |TAMS 0x0000000704400000, 0x0000000704400000| Untracked 
|  29|0x0000000704600000, 0x0000000704600000, 0x0000000704800000|  0%| F|  |TAMS 0x0000000704600000, 0x0000000704600000| Untracked 
|  30|0x0000000704800000, 0x0000000704800000, 0x0000000704a00000|  0%| F|  |TAMS 0x0000000704800000, 0x0000000704800000| Untracked 
|  31|0x0000000704a00000, 0x0000000704a00000, 0x0000000704c00000|  0%| F|  |TAMS 0x0000000704a00000, 0x0000000704a00000| Untracked 
|  32|0x0000000704c00000, 0x0000000704c00000, 0x0000000704e00000|  0%| F|  |TAMS 0x0000000704c00000, 0x0000000704c00000| Untracked 
|  33|0x0000000704e00000, 0x0000000704e00000, 0x0000000705000000|  0%| F|  |TAMS 0x0000000704e00000, 0x0000000704e00000| Untracked 
|  34|0x0000000705000000, 0x0000000705000000, 0x0000000705200000|  0%| F|  |TAMS 0x0000000705000000, 0x0000000705000000| Untracked 
|  35|0x0000000705200000, 0x0000000705200000, 0x0000000705400000|  0%| F|  |TAMS 0x0000000705200000, 0x0000000705200000| Untracked 
|  36|0x0000000705400000, 0x0000000705400000, 0x0000000705600000|  0%| F|  |TAMS 0x0000000705400000, 0x0000000705400000| Untracked 
|  37|0x0000000705600000, 0x0000000705600000, 0x0000000705800000|  0%| F|  |TAMS 0x0000000705600000, 0x0000000705600000| Untracked 
|  38|0x0000000705800000, 0x0000000705800000, 0x0000000705a00000|  0%| F|  |TAMS 0x0000000705800000, 0x0000000705800000| Untracked 
|  39|0x0000000705a00000, 0x0000000705a00000, 0x0000000705c00000|  0%| F|  |TAMS 0x0000000705a00000, 0x0000000705a00000| Untracked 
|  40|0x0000000705c00000, 0x0000000705c00000, 0x0000000705e00000|  0%| F|  |TAMS 0x0000000705c00000, 0x0000000705c00000| Untracked 
|  41|0x0000000705e00000, 0x0000000705e00000, 0x0000000706000000|  0%| F|  |TAMS 0x0000000705e00000, 0x0000000705e00000| Untracked 
|  42|0x0000000706000000, 0x0000000706000000, 0x0000000706200000|  0%| F|  |TAMS 0x0000000706000000, 0x0000000706000000| Untracked 
|  43|0x0000000706200000, 0x0000000706200000, 0x0000000706400000|  0%| F|  |TAMS 0x0000000706200000, 0x0000000706200000| Untracked 
|  44|0x0000000706400000, 0x0000000706400000, 0x0000000706600000|  0%| F|  |TAMS 0x0000000706400000, 0x0000000706400000| Untracked 
|  45|0x0000000706600000, 0x0000000706600000, 0x0000000706800000|  0%| F|  |TAMS 0x0000000706600000, 0x0000000706600000| Untracked 
|  46|0x0000000706800000, 0x0000000706800000, 0x0000000706a00000|  0%| F|  |TAMS 0x0000000706800000, 0x0000000706800000| Untracked 
|  47|0x0000000706a00000, 0x0000000706a00000, 0x0000000706c00000|  0%| F|  |TAMS 0x0000000706a00000, 0x0000000706a00000| Untracked 
|  48|0x0000000706c00000, 0x0000000706c00000, 0x0000000706e00000|  0%| F|  |TAMS 0x0000000706c00000, 0x0000000706c00000| Untracked 
|  49|0x0000000706e00000, 0x0000000706e00000, 0x0000000707000000|  0%| F|  |TAMS 0x0000000706e00000, 0x0000000706e00000| Untracked 
|  50|0x0000000707000000, 0x0000000707000000, 0x0000000707200000|  0%| F|  |TAMS 0x0000000707000000, 0x0000000707000000| Untracked 
|  51|0x0000000707200000, 0x0000000707200000, 0x0000000707400000|  0%| F|  |TAMS 0x0000000707200000, 0x0000000707200000| Untracked 
|  52|0x0000000707400000, 0x0000000707400000, 0x0000000707600000|  0%| F|  |TAMS 0x0000000707400000, 0x0000000707400000| Untracked 
|  53|0x0000000707600000, 0x0000000707600000, 0x0000000707800000|  0%| F|  |TAMS 0x0000000707600000, 0x0000000707600000| Untracked 
|  54|0x0000000707800000, 0x0000000707800000, 0x0000000707a00000|  0%| F|  |TAMS 0x0000000707800000, 0x0000000707800000| Untracked 
|  55|0x0000000707a00000, 0x0000000707a00000, 0x0000000707c00000|  0%| F|  |TAMS 0x0000000707a00000, 0x0000000707a00000| Untracked 
|  56|0x0000000707c00000, 0x0000000707c00000, 0x0000000707e00000|  0%| F|  |TAMS 0x0000000707c00000, 0x0000000707c00000| Untracked 
|  57|0x0000000707e00000, 0x0000000707e00000, 0x0000000708000000|  0%| F|  |TAMS 0x0000000707e00000, 0x0000000707e00000| Untracked 
|  58|0x0000000708000000, 0x0000000708000000, 0x0000000708200000|  0%| F|  |TAMS 0x0000000708000000, 0x0000000708000000| Untracked 
|  59|0x0000000708200000, 0x0000000708200000, 0x0000000708400000|  0%| F|  |TAMS 0x0000000708200000, 0x0000000708200000| Untracked 
|  60|0x0000000708400000, 0x0000000708400000, 0x0000000708600000|  0%| F|  |TAMS 0x0000000708400000, 0x0000000708400000| Untracked 
|  61|0x0000000708600000, 0x0000000708600000, 0x0000000708800000|  0%| F|  |TAMS 0x0000000708600000, 0x0000000708600000| Untracked 
|  62|0x0000000708800000, 0x0000000708800000, 0x0000000708a00000|  0%| F|  |TAMS 0x0000000708800000, 0x0000000708800000| Untracked 
|  63|0x0000000708a00000, 0x0000000708a00000, 0x0000000708c00000|  0%| F|  |TAMS 0x0000000708a00000, 0x0000000708a00000| Untracked 
|  64|0x0000000708c00000, 0x0000000708c00000, 0x0000000708e00000|  0%| F|  |TAMS 0x0000000708c00000, 0x0000000708c00000| Untracked 
|  65|0x0000000708e00000, 0x0000000708e00000, 0x0000000709000000|  0%| F|  |TAMS 0x0000000708e00000, 0x0000000708e00000| Untracked 
|  66|0x0000000709000000, 0x0000000709000000, 0x0000000709200000|  0%| F|  |TAMS 0x0000000709000000, 0x0000000709000000| Untracked 
|  67|0x0000000709200000, 0x0000000709200000, 0x0000000709400000|  0%| F|  |TAMS 0x0000000709200000, 0x0000000709200000| Untracked 
|  68|0x0000000709400000, 0x0000000709400000, 0x0000000709600000|  0%| F|  |TAMS 0x0000000709400000, 0x0000000709400000| Untracked 
|  69|0x0000000709600000, 0x0000000709600000, 0x0000000709800000|  0%| F|  |TAMS 0x0000000709600000, 0x0000000709600000| Untracked 
|  70|0x0000000709800000, 0x0000000709800000, 0x0000000709a00000|  0%| F|  |TAMS 0x0000000709800000, 0x0000000709800000| Untracked 
|  71|0x0000000709a00000, 0x0000000709a00000, 0x0000000709c00000|  0%| F|  |TAMS 0x0000000709a00000, 0x0000000709a00000| Untracked 
|  72|0x0000000709c00000, 0x0000000709c00000, 0x0000000709e00000|  0%| F|  |TAMS 0x0000000709c00000, 0x0000000709c00000| Untracked 
|  73|0x0000000709e00000, 0x0000000709e00000, 0x000000070a000000|  0%| F|  |TAMS 0x0000000709e00000, 0x0000000709e00000| Untracked 
|  74|0x000000070a000000, 0x000000070a000000, 0x000000070a200000|  0%| F|  |TAMS 0x000000070a000000, 0x000000070a000000| Untracked 
|  75|0x000000070a200000, 0x000000070a200000, 0x000000070a400000|  0%| F|  |TAMS 0x000000070a200000, 0x000000070a200000| Untracked 
|  76|0x000000070a400000, 0x000000070a400000, 0x000000070a600000|  0%| F|  |TAMS 0x000000070a400000, 0x000000070a400000| Untracked 
|  77|0x000000070a600000, 0x000000070a600000, 0x000000070a800000|  0%| F|  |TAMS 0x000000070a600000, 0x000000070a600000| Untracked 
|  78|0x000000070a800000, 0x000000070a800000, 0x000000070aa00000|  0%| F|  |TAMS 0x000000070a800000, 0x000000070a800000| Untracked 
|  79|0x000000070aa00000, 0x000000070aa00000, 0x000000070ac00000|  0%| F|  |TAMS 0x000000070aa00000, 0x000000070aa00000| Untracked 
|  80|0x000000070ac00000, 0x000000070ac00000, 0x000000070ae00000|  0%| F|  |TAMS 0x000000070ac00000, 0x000000070ac00000| Untracked 
|  81|0x000000070ae00000, 0x000000070ae00000, 0x000000070b000000|  0%| F|  |TAMS 0x000000070ae00000, 0x000000070ae00000| Untracked 
|  82|0x000000070b000000, 0x000000070b000000, 0x000000070b200000|  0%| F|  |TAMS 0x000000070b000000, 0x000000070b000000| Untracked 
|  83|0x000000070b200000, 0x000000070b200000, 0x000000070b400000|  0%| F|  |TAMS 0x000000070b200000, 0x000000070b200000| Untracked 
|  84|0x000000070b400000, 0x000000070b400000, 0x000000070b600000|  0%| F|  |TAMS 0x000000070b400000, 0x000000070b400000| Untracked 
|  85|0x000000070b600000, 0x000000070b600000, 0x000000070b800000|  0%| F|  |TAMS 0x000000070b600000, 0x000000070b600000| Untracked 
|  86|0x000000070b800000, 0x000000070b800000, 0x000000070ba00000|  0%| F|  |TAMS 0x000000070b800000, 0x000000070b800000| Untracked 
|  87|0x000000070ba00000, 0x000000070ba00000, 0x000000070bc00000|  0%| F|  |TAMS 0x000000070ba00000, 0x000000070ba00000| Untracked 
|  88|0x000000070bc00000, 0x000000070bc00000, 0x000000070be00000|  0%| F|  |TAMS 0x000000070bc00000, 0x000000070bc00000| Untracked 
|  89|0x000000070be00000, 0x000000070be00000, 0x000000070c000000|  0%| F|  |TAMS 0x000000070be00000, 0x000000070be00000| Untracked 
|  90|0x000000070c000000, 0x000000070c000000, 0x000000070c200000|  0%| F|  |TAMS 0x000000070c000000, 0x000000070c000000| Untracked 
|  91|0x000000070c200000, 0x000000070c200000, 0x000000070c400000|  0%| F|  |TAMS 0x000000070c200000, 0x000000070c200000| Untracked 
|  92|0x000000070c400000, 0x000000070c400000, 0x000000070c600000|  0%| F|  |TAMS 0x000000070c400000, 0x000000070c400000| Untracked 
|  93|0x000000070c600000, 0x000000070c600000, 0x000000070c800000|  0%| F|  |TAMS 0x000000070c600000, 0x000000070c600000| Untracked 
|  94|0x000000070c800000, 0x000000070c800000, 0x000000070ca00000|  0%| F|  |TAMS 0x000000070c800000, 0x000000070c800000| Untracked 
|  95|0x000000070ca00000, 0x000000070ca00000, 0x000000070cc00000|  0%| F|  |TAMS 0x000000070ca00000, 0x000000070ca00000| Untracked 
|  96|0x000000070cc00000, 0x000000070cc00000, 0x000000070ce00000|  0%| F|  |TAMS 0x000000070cc00000, 0x000000070cc00000| Untracked 
|  97|0x000000070ce00000, 0x000000070ce00000, 0x000000070d000000|  0%| F|  |TAMS 0x000000070ce00000, 0x000000070ce00000| Untracked 
|  98|0x000000070d000000, 0x000000070d000000, 0x000000070d200000|  0%| F|  |TAMS 0x000000070d000000, 0x000000070d000000| Untracked 
|  99|0x000000070d200000, 0x000000070d200000, 0x000000070d400000|  0%| F|  |TAMS 0x000000070d200000, 0x000000070d200000| Untracked 
| 100|0x000000070d400000, 0x000000070d400000, 0x000000070d600000|  0%| F|  |TAMS 0x000000070d400000, 0x000000070d400000| Untracked 
| 101|0x000000070d600000, 0x000000070d600000, 0x000000070d800000|  0%| F|  |TAMS 0x000000070d600000, 0x000000070d600000| Untracked 
| 102|0x000000070d800000, 0x000000070d800000, 0x000000070da00000|  0%| F|  |TAMS 0x000000070d800000, 0x000000070d800000| Untracked 
| 103|0x000000070da00000, 0x000000070da00000, 0x000000070dc00000|  0%| F|  |TAMS 0x000000070da00000, 0x000000070da00000| Untracked 
| 104|0x000000070dc00000, 0x000000070dc00000, 0x000000070de00000|  0%| F|  |TAMS 0x000000070dc00000, 0x000000070dc00000| Untracked 
| 105|0x000000070de00000, 0x000000070de00000, 0x000000070e000000|  0%| F|  |TAMS 0x000000070de00000, 0x000000070de00000| Untracked 
| 106|0x000000070e000000, 0x000000070e000000, 0x000000070e200000|  0%| F|  |TAMS 0x000000070e000000, 0x000000070e000000| Untracked 
| 107|0x000000070e200000, 0x000000070e200000, 0x000000070e400000|  0%| F|  |TAMS 0x000000070e200000, 0x000000070e200000| Untracked 
| 108|0x000000070e400000, 0x000000070e400000, 0x000000070e600000|  0%| F|  |TAMS 0x000000070e400000, 0x000000070e400000| Untracked 
| 109|0x000000070e600000, 0x000000070e600000, 0x000000070e800000|  0%| F|  |TAMS 0x000000070e600000, 0x000000070e600000| Untracked 
| 110|0x000000070e800000, 0x000000070e800000, 0x000000070ea00000|  0%| F|  |TAMS 0x000000070e800000, 0x000000070e800000| Untracked 
| 111|0x000000070ea00000, 0x000000070ea00000, 0x000000070ec00000|  0%| F|  |TAMS 0x000000070ea00000, 0x000000070ea00000| Untracked 
| 112|0x000000070ec00000, 0x000000070ec00000, 0x000000070ee00000|  0%| F|  |TAMS 0x000000070ec00000, 0x000000070ec00000| Untracked 
| 113|0x000000070ee00000, 0x000000070ee00000, 0x000000070f000000|  0%| F|  |TAMS 0x000000070ee00000, 0x000000070ee00000| Untracked 
| 114|0x000000070f000000, 0x000000070f000000, 0x000000070f200000|  0%| F|  |TAMS 0x000000070f000000, 0x000000070f000000| Untracked 
| 115|0x000000070f200000, 0x000000070f200000, 0x000000070f400000|  0%| F|  |TAMS 0x000000070f200000, 0x000000070f200000| Untracked 
| 116|0x000000070f400000, 0x000000070f400000, 0x000000070f600000|  0%| F|  |TAMS 0x000000070f400000, 0x000000070f400000| Untracked 
| 117|0x000000070f600000, 0x000000070f600000, 0x000000070f800000|  0%| F|  |TAMS 0x000000070f600000, 0x000000070f600000| Untracked 
| 118|0x000000070f800000, 0x000000070f800000, 0x000000070fa00000|  0%| F|  |TAMS 0x000000070f800000, 0x000000070f800000| Untracked 
| 119|0x000000070fa00000, 0x000000070fa00000, 0x000000070fc00000|  0%| F|  |TAMS 0x000000070fa00000, 0x000000070fa00000| Untracked 
| 120|0x000000070fc00000, 0x000000070fdcee70, 0x000000070fe00000| 90%| E|  |TAMS 0x000000070fc00000, 0x000000070fc00000| Complete 
| 121|0x000000070fe00000, 0x0000000710000000, 0x0000000710000000|100%| E|CS|TAMS 0x000000070fe00000, 0x000000070fe00000| Complete 
| 122|0x0000000710000000, 0x0000000710200000, 0x0000000710200000|100%| E|CS|TAMS 0x0000000710000000, 0x0000000710000000| Complete 
| 123|0x0000000710200000, 0x0000000710400000, 0x0000000710400000|100%| E|  |TAMS 0x0000000710200000, 0x0000000710200000| Complete 
| 124|0x0000000710400000, 0x0000000710600000, 0x0000000710600000|100%| E|CS|TAMS 0x0000000710400000, 0x0000000710400000| Complete 
| 125|0x0000000710600000, 0x0000000710800000, 0x0000000710800000|100%| E|CS|TAMS 0x0000000710600000, 0x0000000710600000| Complete 
| 126|0x0000000710800000, 0x0000000710a00000, 0x0000000710a00000|100%| E|CS|TAMS 0x0000000710800000, 0x0000000710800000| Complete 
| 127|0x0000000710a00000, 0x0000000710c00000, 0x0000000710c00000|100%| E|CS|TAMS 0x0000000710a00000, 0x0000000710a00000| Complete 

Card table byte_map: [0x00000288ef230000,0x00000288efa30000] _byte_map_base: 0x00000288eba2a000

Marking Bits (Prev, Next): (CMBitMap*) 0x00000288d72f5fd0, (CMBitMap*) 0x00000288d72f6010
 Prev Bits: [0x00000288f0230000, 0x00000288f4200000)
 Next Bits: [0x00000288f4200000, 0x00000288f81d0000)

Polling page: 0x00000288d5210000

Metaspace:

Usage:
  Non-class:      9.16 MB capacity,     6.55 MB ( 71%) used,     2.60 MB ( 28%) free+waste,     7.62 KB ( <1%) overhead. 
      Class:    605.00 KB capacity,   328.57 KB ( 54%) used,   274.49 KB ( 45%) free+waste,     1.94 KB ( <1%) overhead. 
       Both:      9.75 MB capacity,     6.87 MB ( 70%) used,     2.87 MB ( 29%) free+waste,     9.56 KB ( <1%) overhead. 

Virtual space:
  Non-class space:       10.00 MB reserved,       9.25 MB ( 92%) committed 
      Class space:        1.00 GB reserved,     640.00 KB ( <1%) committed 
             Both:        1.01 GB reserved,       9.88 MB ( <1%) committed 

Chunk freelists:
   Non-Class:  89.00 KB
       Class:  3.00 KB
        Both:  92.00 KB

MaxMetaspaceSize: 17179869184.00 GB
CompressedClassSpaceSize: 1.00 GB

CodeHeap 'non-profiled nmethods': size=120000Kb used=223Kb max_used=223Kb free=119776Kb
 bounds [0x00000288e6fa0000, 0x00000288e7210000, 0x00000288ee4d0000]
CodeHeap 'profiled nmethods': size=120000Kb used=1271Kb max_used=1271Kb free=118728Kb
 bounds [0x00000288dfa70000, 0x00000288dfce0000, 0x00000288e6fa0000]
CodeHeap 'non-nmethods': size=5760Kb used=1621Kb max_used=1634Kb free=4138Kb
 bounds [0x00000288df4d0000, 0x00000288df740000, 0x00000288dfa70000]
 total_blobs=1787 nmethods=769 adapters=931
 compilation: enabled
              stopped_count=0, restarted_count=0
 full_count=0

Compilation events (20 events):
Event: 1.982 Thread 0x00000288fb6abe70  760       4       org.lwjgl.opengl.GL11::glDrawElements (8 bytes)
Event: 1.983 Thread 0x00000288fb6abe70 nmethod 760 0x00000288e6fd6d10 code [0x00000288e6fd6ea0, 0x00000288e6fd6f08]
Event: 1.983 Thread 0x00000288fb6abe70  761       4       org.lwjgl.opengl.GL11C::glDrawElements (8 bytes)
Event: 1.983 Thread 0x00000288fb6abe70 nmethod 761 0x00000288e6fd7010 code [0x00000288e6fd71a0, 0x00000288e6fd7208]
Event: 1.983 Thread 0x00000288fb6abe70  762       4       org.lwjgl.glfw.GLFW::glfwSwapBuffers (21 bytes)
Event: 1.983 Thread 0x00000288fb6abe70 nmethod 762 0x00000288e6fd7310 code [0x00000288e6fd74a0, 0x00000288e6fd7548]
Event: 2.169 Thread 0x00000288fb6abe70  763       4       educanet.Game::update (378 bytes)
Event: 2.173 Thread 0x00000288fb6abe70 nmethod 763 0x00000288e6fd7610 code [0x00000288e6fd7800, 0x00000288e6fd7b60]
Event: 3.419 Thread 0x00000288fb6b1d30  764       3       org.joml.Math::fma (19 bytes)
Event: 3.419 Thread 0x00000288fb6b1d30 nmethod 764 0x00000288dfba8c90 code [0x00000288dfba8e20, 0x00000288dfba8f18]
Event: 3.436 Thread 0x00000288fb6b1d30  765       3       educanet.Game::update (378 bytes)
Event: 3.438 Thread 0x00000288fb6b1d30 nmethod 765 0x00000288dfba8f90 code [0x00000288dfba9500, 0x00000288dfbab8b8]
Event: 3.464 Thread 0x00000288fb6b1d30  766       3       org.joml.Matrix4f::_properties (7 bytes)
Event: 3.464 Thread 0x00000288fb6b1d30 nmethod 766 0x00000288dfbac590 code [0x00000288dfbac720, 0x00000288dfbac818]
Event: 3.464 Thread 0x00000288fb6b1d30  767       3       org.joml.Matrix4f::_m30 (7 bytes)
Event: 3.464 Thread 0x00000288fb6b1d30 nmethod 767 0x00000288dfbac890 code [0x00000288dfbaca20, 0x00000288dfbacb18]
Event: 3.464 Thread 0x00000288fb6b1d30  768       3       org.joml.Matrix4f::_m31 (7 bytes)
Event: 3.464 Thread 0x00000288fb6b1d30 nmethod 768 0x00000288dfbacb90 code [0x00000288dfbacd20, 0x00000288dfbace18]
Event: 3.464 Thread 0x00000288fb6b1d30  769       3       org.joml.Matrix4f::translateGeneric (136 bytes)
Event: 3.465 Thread 0x00000288fb6b1d30 nmethod 769 0x00000288dfbace90 code [0x00000288dfbad0c0, 0x00000288dfbad978]

GC Heap History (0 events):
No events

Deoptimization events (20 events):
Event: 0.673 Thread 0x00000288d72a2a90 Uncommon trap: trap_request=0xffffff45 fr.pc=0x00000288e6fcfc34 relative=0x0000000000000034
Event: 0.673 Thread 0x00000288d72a2a90 Uncommon trap: reason=unstable_if action=reinterpret pc=0x00000288e6fcfc34 method=java.lang.reflect.Modifier.isFinal(I)Z @ 4 c2
Event: 0.673 Thread 0x00000288d72a2a90 DEOPT PACKING pc=0x00000288e6fcfc34 sp=0x000000c0928fe1d0
Event: 0.673 Thread 0x00000288d72a2a90 DEOPT UNPACKING pc=0x00000288df51e42f sp=0x000000c0928fe160 mode 2
Event: 0.677 Thread 0x00000288d72a2a90 Uncommon trap: trap_request=0xffffff45 fr.pc=0x00000288e6fc38d8 relative=0x0000000000001058
Event: 0.677 Thread 0x00000288d72a2a90 Uncommon trap: reason=unstable_if action=reinterpret pc=0x00000288e6fc38d8 method=java.util.LinkedHashMap.linkNodeLast(Ljava/util/LinkedHashMap$Entry;)V @ 11 c2
Event: 0.677 Thread 0x00000288d72a2a90 DEOPT PACKING pc=0x00000288e6fc38d8 sp=0x000000c0928fd7e0
Event: 0.678 Thread 0x00000288d72a2a90 DEOPT UNPACKING pc=0x00000288df51e42f sp=0x000000c0928fd690 mode 2
Event: 0.697 Thread 0x00000288d72a2a90 Uncommon trap: trap_request=0xffffff45 fr.pc=0x00000288e6fa4a14 relative=0x0000000000000074
Event: 0.697 Thread 0x00000288d72a2a90 Uncommon trap: reason=unstable_if action=reinterpret pc=0x00000288e6fa4a14 method=java.lang.String.isLatin1()Z @ 10 c2
Event: 0.697 Thread 0x00000288d72a2a90 DEOPT PACKING pc=0x00000288e6fa4a14 sp=0x000000c0928fe3c0
Event: 0.697 Thread 0x00000288d72a2a90 DEOPT UNPACKING pc=0x00000288df51e42f sp=0x000000c0928fe300 mode 2
Event: 3.412 Thread 0x00000288d72a2a90 Uncommon trap: trap_request=0xffffff45 fr.pc=0x00000288e6fd7a68 relative=0x0000000000000268
Event: 3.412 Thread 0x00000288d72a2a90 Uncommon trap: reason=unstable_if action=reinterpret pc=0x00000288e6fd7a68 method=educanet.Game.update(J)V @ 290 c2
Event: 3.413 Thread 0x00000288d72a2a90 DEOPT PACKING pc=0x00000288e6fd7a68 sp=0x000000c0928ff460
Event: 3.413 Thread 0x00000288d72a2a90 DEOPT UNPACKING pc=0x00000288df51e42f sp=0x000000c0928ff400 mode 2
Event: 4.362 Thread 0x00000288d72a2a90 Uncommon trap: trap_request=0xffffff45 fr.pc=0x00000288e6fd5c08 relative=0x0000000000000068
Event: 4.362 Thread 0x00000288d72a2a90 Uncommon trap: reason=unstable_if action=reinterpret pc=0x00000288e6fd5c08 method=org.lwjgl.glfw.GLFW.glfwWindowShouldClose(J)Z @ 20 c2
Event: 4.362 Thread 0x00000288d72a2a90 DEOPT PACKING pc=0x00000288e6fd5c08 sp=0x000000c0928ff470
Event: 4.362 Thread 0x00000288d72a2a90 DEOPT UNPACKING pc=0x00000288df51e42f sp=0x000000c0928ff400 mode 2

Classes unloaded (0 events):
No events

Classes redefined (0 events):
No events

Internal exceptions (20 events):
Event: 0.169 Thread 0x00000288d72a2a90 Exception <a 'sun/nio/fs/WindowsException'{0x00000007109ae0d0}> (0x00000007109ae0d0) 
thrown [./open/src/hotspot/share/prims/jni.cpp, line 578]
Event: 0.183 Thread 0x00000288d72a2a90 Exception <a 'sun/nio/fs/WindowsException'{0x00000007109c2198}> (0x00000007109c2198) 
thrown [./open/src/hotspot/share/prims/jni.cpp, line 578]
Event: 0.183 Thread 0x00000288d72a2a90 Exception <a 'sun/nio/fs/WindowsException'{0x00000007109c24f0}> (0x00000007109c24f0) 
thrown [./open/src/hotspot/share/prims/jni.cpp, line 578]
Event: 0.186 Thread 0x00000288d72a2a90 Exception <a 'sun/nio/fs/WindowsException'{0x00000007109d2590}> (0x00000007109d2590) 
thrown [./open/src/hotspot/share/prims/jni.cpp, line 578]
Event: 0.186 Thread 0x00000288d72a2a90 Exception <a 'sun/nio/fs/WindowsException'{0x00000007109d2860}> (0x00000007109d2860) 
thrown [./open/src/hotspot/share/prims/jni.cpp, line 578]
Event: 0.186 Thread 0x00000288d72a2a90 Exception <a 'sun/nio/fs/WindowsException'{0x00000007109d3698}> (0x00000007109d3698) 
thrown [./open/src/hotspot/share/prims/jni.cpp, line 578]
Event: 0.187 Thread 0x00000288d72a2a90 Exception <a 'sun/nio/fs/WindowsException'{0x00000007109da770}> (0x00000007109da770) 
thrown [./open/src/hotspot/share/prims/jni.cpp, line 578]
Event: 0.191 Thread 0x00000288d72a2a90 Exception <a 'sun/nio/fs/WindowsException'{0x00000007109dd4e8}> (0x00000007109dd4e8) 
thrown [./open/src/hotspot/share/prims/jni.cpp, line 578]
Event: 0.191 Thread 0x00000288d72a2a90 Exception <a 'sun/nio/fs/WindowsException'{0x00000007109dd858}> (0x00000007109dd858) 
thrown [./open/src/hotspot/share/prims/jni.cpp, line 578]
Event: 0.195 Thread 0x00000288d72a2a90 Exception <a 'java/lang/NoSuchMethodError'{0x00000007106175f8}: 'java.lang.Object java.lang.invoke.DirectMethodHandle$Holder.invokeStatic(java.lang.Object)'> (0x00000007106175f8) 
thrown [./open/src/hotspot/share/interpreter/linkResolver.cpp, line 782]
Event: 0.196 Thread 0x00000288d72a2a90 Exception <a 'java/lang/NoSuchMethodError'{0x000000071061ac68}: 'java.lang.Object java.lang.invoke.DirectMethodHandle$Holder.invokeStaticInit(java.lang.Object)'> (0x000000071061ac68) 
thrown [./open/src/hotspot/share/interpreter/linkResolver.cpp, line 782]
Event: 0.543 Thread 0x00000288d72a2a90 Exception <a 'sun/nio/fs/WindowsException'{0x00000007106cdbb0}> (0x00000007106cdbb0) 
thrown [./open/src/hotspot/share/prims/jni.cpp, line 578]
Event: 0.543 Thread 0x00000288d72a2a90 Exception <a 'sun/nio/fs/WindowsException'{0x00000007106cdeb0}> (0x00000007106cdeb0) 
thrown [./open/src/hotspot/share/prims/jni.cpp, line 578]
Event: 0.543 Thread 0x00000288d72a2a90 Exception <a 'sun/nio/fs/WindowsException'{0x00000007106ced08}> (0x00000007106ced08) 
thrown [./open/src/hotspot/share/prims/jni.cpp, line 578]
Event: 0.544 Thread 0x00000288d72a2a90 Exception <a 'sun/nio/fs/WindowsException'{0x00000007106d5e18}> (0x00000007106d5e18) 
thrown [./open/src/hotspot/share/prims/jni.cpp, line 578]
Event: 0.548 Thread 0x00000288d72a2a90 Exception <a 'sun/nio/fs/WindowsException'{0x00000007106d8bf8}> (0x00000007106d8bf8) 
thrown [./open/src/hotspot/share/prims/jni.cpp, line 578]
Event: 0.548 Thread 0x00000288d72a2a90 Exception <a 'sun/nio/fs/WindowsException'{0x00000007106d8fa8}> (0x00000007106d8fa8) 
thrown [./open/src/hotspot/share/prims/jni.cpp, line 578]
Event: 0.552 Thread 0x00000288d72a2a90 Exception <a 'sun/nio/fs/WindowsException'{0x00000007106e6d50}> (0x00000007106e6d50) 
thrown [./open/src/hotspot/share/prims/jni.cpp, line 578]
Event: 0.552 Thread 0x00000288d72a2a90 Exception <a 'sun/nio/fs/WindowsException'{0x00000007106e7038}> (0x00000007106e7038) 
thrown [./open/src/hotspot/share/prims/jni.cpp, line 578]
Event: 0.673 Thread 0x00000288d72a2a90 Exception <a 'java/lang/NoSuchMethodError'{0x00000007101792f8}: 'void java.lang.invoke.DirectMethodHandle$Holder.invokeStatic(java.lang.Object, long, int, int)'> (0x00000007101792f8) 
thrown [./open/src/hotspot/share/interpreter/linkResolver.cpp, line 782]

Events (20 events):
Event: 0.696 loading class java/io/FileReader
Event: 0.696 loading class java/io/FileReader done
Event: 0.716 loading class java/lang/SecurityException
Event: 0.716 loading class java/lang/SecurityException done
Event: 0.717 loading class jdk/internal/access/foreign/MemorySegmentProxy
Event: 0.717 loading class jdk/internal/access/foreign/MemorySegmentProxy done
Event: 0.802 Thread 0x000002888277f890 Thread exited: 0x000002888277f890
Event: 0.810 Loaded shared library C:\Users\kubac\AppData\Local\Temp\lwjglkubac\3.2.3-build-13\lwjgl.dll
Event: 0.852 Loaded shared library C:\Users\kubac\AppData\Local\Temp\lwjglkubac\3.2.3-build-13\lwjgl_opengl.dll
Event: 0.879 Loaded shared library C:\Users\kubac\AppData\Local\Temp\lwjglkubac\3.2.3-build-13\lwjgl_opengl.dll
Event: 0.880 Loaded shared library C:\Users\kubac\AppData\Local\Temp\lwjglkubac\3.2.3-build-13\lwjgl.dll
Event: 0.881 Loaded shared library C:\Users\kubac\AppData\Local\Temp\lwjglkubac\3.2.3-build-13\lwjgl.dll
Event: 0.883 Loaded shared library C:\Users\kubac\AppData\Local\Temp\lwjglkubac\3.2.3-build-13\lwjgl_opengl.dll
Event: 0.884 Loaded shared library C:\Users\kubac\AppData\Local\Temp\lwjglkubac\3.2.3-build-13\lwjgl_opengl.dll
Event: 0.886 Loaded shared library C:\Users\kubac\AppData\Local\Temp\lwjglkubac\3.2.3-build-13\lwjgl_opengl.dll
Event: 0.887 Loaded shared library C:\Users\kubac\AppData\Local\Temp\lwjglkubac\3.2.3-build-13\lwjgl.dll
Event: 1.559 Executing VM operation: HandshakeAllThreads
Event: 1.559 Executing VM operation: HandshakeAllThreads done
Event: 3.414 loading class java/lang/NumberFormatException
Event: 3.414 loading class java/lang/NumberFormatException done


Dynamic libraries:
0x00007ff6a2fd0000 - 0x00007ff6a2fdd000 	C:\Users\kubac\.jdks\openjdk-15\bin\java.exe
0x00007ff8d0970000 - 0x00007ff8d0b65000 	C:\WINDOWS\SYSTEM32\ntdll.dll
0x00007ff8cf310000 - 0x00007ff8cf3cd000 	C:\WINDOWS\System32\KERNEL32.DLL
0x00007ff8ce4a0000 - 0x00007ff8ce768000 	C:\WINDOWS\System32\KERNELBASE.dll
0x00007ff8ce3a0000 - 0x00007ff8ce4a0000 	C:\WINDOWS\System32\ucrtbase.dll
0x00007ff8bff20000 - 0x00007ff8bff38000 	C:\Users\kubac\.jdks\openjdk-15\bin\jli.dll
0x00007ff8bff00000 - 0x00007ff8bff19000 	C:\Users\kubac\.jdks\openjdk-15\bin\VCRUNTIME140.dll
0x00007ff8cff10000 - 0x00007ff8d00b0000 	C:\WINDOWS\System32\USER32.dll
0x00007ff8adab0000 - 0x00007ff8add4a000 	C:\WINDOWS\WinSxS\amd64_microsoft.windows.common-controls_6595b64144ccf1df_6.0.19041.844_none_ca00b6081b84eb1d\COMCTL32.dll
0x00007ff8ce210000 - 0x00007ff8ce232000 	C:\WINDOWS\System32\win32u.dll
0x00007ff8cea70000 - 0x00007ff8ceb0e000 	C:\WINDOWS\System32\msvcrt.dll
0x00007ff8d0900000 - 0x00007ff8d092a000 	C:\WINDOWS\System32\GDI32.dll
0x00007ff8ce240000 - 0x00007ff8ce34b000 	C:\WINDOWS\System32\gdi32full.dll
0x00007ff8ce820000 - 0x00007ff8ce8bd000 	C:\WINDOWS\System32\msvcp_win.dll
0x00007ff8d01d0000 - 0x00007ff8d0200000 	C:\WINDOWS\System32\IMM32.DLL
0x00007ff8c9b50000 - 0x00007ff8c9b5c000 	C:\Users\kubac\.jdks\openjdk-15\bin\vcruntime140_1.dll
0x00007ff8bea10000 - 0x00007ff8beaa1000 	C:\Users\kubac\.jdks\openjdk-15\bin\msvcp140.dll
0x00007ff8bc1f0000 - 0x00007ff8bcd4c000 	C:\Users\kubac\.jdks\openjdk-15\bin\server\jvm.dll
0x00007ff8cf3d0000 - 0x00007ff8cf47c000 	C:\WINDOWS\System32\ADVAPI32.dll
0x00007ff8cefa0000 - 0x00007ff8cf03b000 	C:\WINDOWS\System32\sechost.dll
0x00007ff8cf160000 - 0x00007ff8cf28b000 	C:\WINDOWS\System32\RPCRT4.dll
0x00007ff8ce9d0000 - 0x00007ff8ce9d8000 	C:\WINDOWS\System32\PSAPI.DLL
0x00007ff8c4e10000 - 0x00007ff8c4e37000 	C:\WINDOWS\SYSTEM32\WINMM.dll
0x00007ff8c4e40000 - 0x00007ff8c4e4a000 	C:\WINDOWS\SYSTEM32\VERSION.dll
0x00007ff884740000 - 0x00007ff884749000 	C:\WINDOWS\SYSTEM32\WSOCK32.dll
0x00007ff8cf2a0000 - 0x00007ff8cf30b000 	C:\WINDOWS\System32\WS2_32.dll
0x00007ff8cc010000 - 0x00007ff8cc022000 	C:\WINDOWS\SYSTEM32\kernel.appcore.dll
0x00007ff8bfef0000 - 0x00007ff8bfefa000 	C:\Users\kubac\.jdks\openjdk-15\bin\jimage.dll
0x00007ff8c30f0000 - 0x00007ff8c32d4000 	C:\WINDOWS\SYSTEM32\DBGHELP.DLL
0x00007ff8c30c0000 - 0x00007ff8c30ec000 	C:\WINDOWS\SYSTEM32\dbgcore.DLL
0x00007ff8ce7a0000 - 0x00007ff8ce820000 	C:\WINDOWS\System32\bcryptPrimitives.dll
0x00007ff8bfec0000 - 0x00007ff8bfee5000 	C:\Users\kubac\.jdks\openjdk-15\bin\java.dll
0x00007ff8cf4a0000 - 0x00007ff8cfbe2000 	C:\WINDOWS\System32\SHELL32.dll
0x00007ff8cc210000 - 0x00007ff8cc9a1000 	C:\WINDOWS\SYSTEM32\windows.storage.dll
0x00007ff8ceb10000 - 0x00007ff8cee65000 	C:\WINDOWS\System32\combase.dll
0x00007ff8cdb20000 - 0x00007ff8cdb4c000 	C:\WINDOWS\SYSTEM32\Wldp.dll
0x00007ff8cfcd0000 - 0x00007ff8cfd7e000 	C:\WINDOWS\System32\SHCORE.dll
0x00007ff8d03b0000 - 0x00007ff8d0405000 	C:\WINDOWS\System32\shlwapi.dll
0x00007ff8cdff0000 - 0x00007ff8ce00f000 	C:\WINDOWS\SYSTEM32\profapi.dll
0x00007ff8bfea0000 - 0x00007ff8bfeb9000 	C:\Users\kubac\.jdks\openjdk-15\bin\net.dll
0x00007ff8b3c60000 - 0x00007ff8b3d6b000 	C:\WINDOWS\SYSTEM32\WINHTTP.dll
0x00007ff8cd890000 - 0x00007ff8cd8fa000 	C:\WINDOWS\system32\mswsock.dll
0x00007ff8bfe80000 - 0x00007ff8bfe92000 	C:\Users\kubac\.jdks\openjdk-15\bin\nio.dll
0x00007ff8bfe40000 - 0x00007ff8bfe58000 	C:\Users\kubac\.jdks\openjdk-15\bin\zip.dll
0x00007ff8bfb50000 - 0x00007ff8bfbb4000 	C:\Users\kubac\AppData\Local\Temp\lwjglkubac\3.2.3-build-13\lwjgl.dll
0x00007ff8be9a0000 - 0x00007ff8bea02000 	C:\Users\kubac\AppData\Local\Temp\lwjglkubac\3.2.3-build-13\glfw.dll
0x00007ff8cba70000 - 0x00007ff8cbb0e000 	C:\WINDOWS\system32\uxtheme.dll
0x00007ff8be950000 - 0x00007ff8be995000 	C:\WINDOWS\SYSTEM32\dinput8.dll
0x00007ff8be930000 - 0x00007ff8be941000 	C:\WINDOWS\SYSTEM32\xinput1_4.dll
0x00007ff8ce350000 - 0x00007ff8ce39e000 	C:\WINDOWS\System32\cfgmgr32.dll
0x00007ff8cde60000 - 0x00007ff8cde8c000 	C:\WINDOWS\SYSTEM32\DEVOBJ.dll
0x00007ff8cbc30000 - 0x00007ff8cbc5f000 	C:\WINDOWS\SYSTEM32\dwmapi.dll
0x00007ff8afe80000 - 0x00007ff8affd2000 	C:\WINDOWS\SYSTEM32\inputhost.dll
0x00007ff8cfd80000 - 0x00007ff8cfe4d000 	C:\WINDOWS\System32\OLEAUT32.dll
0x00007ff8cb750000 - 0x00007ff8cb842000 	C:\WINDOWS\SYSTEM32\CoreMessaging.dll
0x00007ff8c9e40000 - 0x00007ff8c9f94000 	C:\WINDOWS\SYSTEM32\wintypes.dll
0x00007ff8c99e0000 - 0x00007ff8c9ad7000 	C:\WINDOWS\SYSTEM32\PROPSYS.dll
0x00007ff8caf90000 - 0x00007ff8cb2ee000 	C:\WINDOWS\SYSTEM32\CoreUIComponents.dll
0x00007ff8ccdf0000 - 0x00007ff8cce23000 	C:\WINDOWS\SYSTEM32\ntmarta.dll
0x00007ff8cf040000 - 0x00007ff8cf155000 	C:\WINDOWS\System32\MSCTF.dll
0x00007ff8cc9b0000 - 0x00007ff8cc9bd000 	C:\WINDOWS\SYSTEM32\HID.DLL
0x00007ff8d0490000 - 0x00007ff8d08f9000 	C:\WINDOWS\System32\SETUPAPI.DLL
0x00007ff8ce770000 - 0x00007ff8ce797000 	C:\WINDOWS\System32\bcrypt.dll
0x00007ff8ce8c0000 - 0x00007ff8ce920000 	C:\WINDOWS\System32\WINTRUST.dll
0x00007ff8ce0b0000 - 0x00007ff8ce20f000 	C:\WINDOWS\System32\CRYPT32.dll
0x00007ff8cdca0000 - 0x00007ff8cdcb2000 	C:\WINDOWS\SYSTEM32\MSASN1.dll
0x00007ff88df30000 - 0x00007ff88e056000 	C:\WINDOWS\SYSTEM32\opengl32.dll
0x00007ff88c280000 - 0x00007ff88c2ac000 	C:\WINDOWS\SYSTEM32\GLU32.dll
0x00007ff8cfe50000 - 0x00007ff8cfef9000 	C:\WINDOWS\System32\clbcatq.dll
0x00007ff88c070000 - 0x00007ff88c09a000 	C:\WINDOWS\System32\DriverStore\FileRepository\u0357776.inf_amd64_5cb88e05332b51cb\B357669\atig6pxx.dll
0x00007ff889350000 - 0x00007ff88c062000 	C:\WINDOWS\System32\DriverStore\FileRepository\u0357776.inf_amd64_5cb88e05332b51cb\B357669\atio6axx.dll
0x00007ff8cee70000 - 0x00007ff8cef9a000 	C:\WINDOWS\System32\ole32.dll
0x00007ff889320000 - 0x00007ff889344000 	C:\WINDOWS\SYSTEM32\dxva2.dll
0x00007ff8892e0000 - 0x00007ff88931c000 	C:\WINDOWS\System32\DriverStore\FileRepository\u0357776.inf_amd64_5cb88e05332b51cb\B357669\atig6txx.dll
0x00007ff889120000 - 0x00007ff8892dc000 	C:\WINDOWS\SYSTEM32\atiadlxx.dll
0x00007ff8c5150000 - 0x00007ff8c518b000 	C:\WINDOWS\SYSTEM32\dxcore.dll
0x00007ff8b17d0000 - 0x00007ff8b18c9000 	C:\WINDOWS\SYSTEM32\textinputframework.dll
0x00007ff8be8d0000 - 0x00007ff8be929000 	C:\Users\kubac\AppData\Local\Temp\lwjglkubac\3.2.3-build-13\lwjgl_opengl.dll
0x00007ff8bfe30000 - 0x00007ff8bfe40000 	C:\Users\kubac\.jdks\openjdk-15\bin\verify.dll

dbghelp: loaded successfully - version: 4.0.5 - missing functions: none
symbol engine: initialized successfully - sym options: 0x614 - pdb path: .;C:\Users\kubac\.jdks\openjdk-15\bin;C:\WINDOWS\SYSTEM32;C:\WINDOWS\WinSxS\amd64_microsoft.windows.common-controls_6595b64144ccf1df_6.0.19041.844_none_ca00b6081b84eb1d;C:\Users\kubac\.jdks\openjdk-15\bin\server;C:\Users\kubac\AppData\Local\Temp\lwjglkubac\3.2.3-build-13;C:\WINDOWS\System32\DriverStore\FileRepository\u0357776.inf_amd64_5cb88e05332b51cb\B357669

VM Arguments:
jvm_args: -Dfile.encoding=windows-1250 -Duser.country=CZ -Duser.language=cs -Duser.variant 
java_command: educanet.Main
java_class_path (initial): C:\Users\kubac\IdeaProjects\OpenGL-Translace\Matrix\build\classes\java\main;C:\Users\kubac\IdeaProjects\OpenGL-Translace\Matrix\build\resources\main;C:\Users\kubac\.gradle\caches\modules-2\files-2.1\org.lwjgl\lwjgl-assimp\3.2.3\f62aa07a20afbdd3097efc296c4841e0d29700eb\lwjgl-assimp-3.2.3.jar;C:\Users\kubac\.gradle\caches\modules-2\files-2.1\org.lwjgl\lwjgl-assimp\3.2.3\4e60aeb75f0343c4a9ede4ef8b6b32ca702a00a3\lwjgl-assimp-3.2.3-natives-windows.jar;C:\Users\kubac\.gradle\caches\modules-2\files-2.1\org.lwjgl\lwjgl-glfw\3.2.3\5e520d5c290c8b012545a8d34fa5db5ab051ea53\lwjgl-glfw-3.2.3.jar;C:\Users\kubac\.gradle\caches\modules-2\files-2.1\org.lwjgl\lwjgl-glfw\3.2.3\b4d8a3477cdc2edcf7a5f1e822926be846223f54\lwjgl-glfw-3.2.3-natives-windows.jar;C:\Users\kubac\.gradle\caches\modules-2\files-2.1\org.lwjgl\lwjgl-openal\3.2.3\106742e805803ab9eab8e343f0fb31a3d263903c\lwjgl-openal-3.2.3.jar;C:\Users\kubac\.gradle\caches\modules-2\files-2.1\org.lwjgl\lwjgl-openal\3.2.3\ec898e8ce11b5886f4f532a1536283ef2817758d\lwjgl-openal-3.2.3-natives-windows.jar;C:\Users\kubac\.gradle\caches\modules-2\files-2.1\org.lwjgl\lwjgl-opengl\3.2.3\bdd534a323d0c8f54969b95e424b6ac8984f7d6e\lwjgl-opengl-3.2.3.jar;C:\Users\kubac\.gradle\caches\modules-2\files-2.1\org.lwjgl\lwjgl-opengl\3.2.3\e81cfc73ec8708e5e791ed770e4ec3edfc1bbab1\lwjgl-opengl-3.2.3-natives-windows.jar;C:\Users\kubac\.gradle\caches\modules-2\files-2.1\org.lwjgl\lwjgl-stb\3.2.3\40eccaa4fa86fc815f2e17946a392fb5fdcc286a\lwjgl-stb-3.2.3.jar;C:\Users\kubac\.gradle\caches\modules-2\files-2.1\org.lwjgl\lwjgl-stb\3.2.3\817b21ec286f0ba3dcedb56a3bd275e6a9345be9\lwjgl-stb-3.2.3-natives-windows.jar;C:\Users\kubac\.gradle\caches\modules-2\files-2.1\org.lwjgl\lwjgl\3.2.3\17a59ba0fe8d474ec9dbe0d5db40d2cfe59c4c08\lwjgl-3.2.3.jar;C:\Users\kubac\.gradle\caches\modules-2\files-2.1\org.lwjgl\lwjgl\3.2.3\27f32cd35349684745951e04388e8e00d681cdcd\lwjgl-3.2.3-natives-windows.jar;C:\Users\kubac\.gradle\caches\modules-2\files-2.1\org.joml
Launcher Type: SUN_STANDARD

[Global flags]
     intx CICompilerCount                          = 4                                         {product} {ergonomic}
     uint ConcGCThreads                            = 3                                         {product} {ergonomic}
     uint G1ConcRefinementThreads                  = 10                                        {product} {ergonomic}
   size_t G1HeapRegionSize                         = 2097152                                   {product} {ergonomic}
    uintx GCDrainStackTargetSize                   = 64                                        {product} {ergonomic}
   size_t InitialHeapSize                          = 268435456                                 {product} {ergonomic}
   size_t MarkStackSize                            = 4194304                                   {product} {ergonomic}
   size_t MaxHeapSize                              = 4282384384                                {product} {ergonomic}
   size_t MaxNewSize                               = 2569011200                                {product} {ergonomic}
   size_t MinHeapDeltaBytes                        = 2097152                                   {product} {ergonomic}
   size_t MinHeapSize                              = 8388608                                   {product} {ergonomic}
    uintx NonNMethodCodeHeapSize                   = 5839372                                {pd product} {ergonomic}
    uintx NonProfiledCodeHeapSize                  = 122909434                              {pd product} {ergonomic}
    uintx ProfiledCodeHeapSize                     = 122909434                              {pd product} {ergonomic}
    uintx ReservedCodeCacheSize                    = 251658240                              {pd product} {ergonomic}
     bool SegmentedCodeCache                       = true                                      {product} {ergonomic}
   size_t SoftMaxHeapSize                          = 4282384384                             {manageable} {ergonomic}
     bool UseCompressedClassPointers               = true                                 {lp64_product} {ergonomic}
     bool UseCompressedOops                        = true                                 {lp64_product} {ergonomic}
     bool UseG1GC                                  = true                                      {product} {ergonomic}
     bool UseLargePagesIndividualAllocation        = false                                  {pd product} {ergonomic}

Logging:
Log output configuration:
 #0: stdout all=warning uptime,level,tags
 #1: stderr all=off uptime,level,tags

Environment Variables:
PATH=C:\Program Files (x86)\NVIDIA Corporation\PhysX\Common;C:\Program Files (x86)\Common Files\Oracle\Java\javapath;C:\ProgramData\Oracle\Java\javapath;C:\WINDOWS\system32;C:\WINDOWS;C:\WINDOWS\System32\Wbem;C:\WINDOWS\System32\WindowsPowerShell\v1.0\;C:\WINDOWS\System32\OpenSSH\;C:\Program Files\Git\cmd;C:\Program Files\nodejs\;C:\Users\kubac\AppData\Local\Microsoft\WindowsApps;C:\Users\kubac\AppData\Roaming\npm;
USERNAME=kubac
OS=Windows_NT
PROCESSOR_IDENTIFIER=AMD64 Family 23 Model 113 Stepping 0, AuthenticAMD



---------------  S Y S T E M  ---------------

OS:
 Windows 10 , 64 bit Build 19041 (10.0.19041.928)
OS uptime: 0 days 2:38 hours

CPU: total 12 (initial active 12) (12 cores per cpu, 2 threads per core) family 23 model 113 stepping 0, cmov, cx8, fxsr, mmx, sse, sse2, sse3, ssse3, sse4.1, sse4.2, popcnt, vzeroupper, avx, avx2, aes, clmul, 3dnowpref, lzcnt, sse4a, ht, tsc, tscinvbit, tscinv, bmi1, bmi2, adx, sha, fma, clflush, clflushopt

Memory: 4k page, system-wide physical 16333M (8193M free)
TotalPageFile size 18765M (AvailPageFile size 8079M)
current process WorkingSet (physical memory assigned to process): 94M, peak: 95M
current process commit charge ("private bytes"): 432M, peak: 436M

vm_info: OpenJDK 64-Bit Server VM (15+36-1562) for windows-amd64 JRE (15+36-1562), built on Aug 11 2020 22:33:04 by "mach5one" with unknown MS VC++:1925

END.
